2025-09-16 17:34:15, MOVE, v:1, k:animal, mode:DOWN
2025-09-16 17:34:18, MOVE, v:1, k:toalha, mode:DOWN
2025-09-16 17:34:21, MOVE, v:1, k:carro, mode:DOWN
2025-09-16 17:34:23, MOVE, v:1, k:calculadora, mode:DOWN
2025-09-16 17:34:26, MOVE, v:1, k:enxugar, mode:DOWN
2025-09-16 17:48:49, MOVE, v:1, k:toalha, mode:PICK
2025-09-16 17:48:51, EXEC, v:1, k:toalha, mode:LOCK, rate:100, size:0
2025-09-16 17:48:52, EXEC, v:1, k:toalha, mode:LOCK, rate:100
2025-09-16 17:56:03, MOVE, v:1, k:toalha, mode:BACK
2025-09-16 17:56:15, MOVE, v:1, k:toalha, mode:PICK
2025-09-16 18:12:51, EXEC, v:1, k:toalha, mode:LOCK, rate:0, size:10
2025-09-16 18:13:46, EXEC, v:1, k:toalha, mode:LOCK, rate:0, size:10
2025-09-16 18:14:11, MOVE, v:1, k:toalha, mode:PICK
2025-09-16 18:14:12, EXEC, v:1, k:toalha, mode:LOCK, rate:0
2025-09-16 18:15:05, EXEC, v:1, k:toalha, mode:LOCK, rate:0, size:10
2025-09-16 18:15:06, EXEC, v:1, k:toalha, mode:LOCK, rate:0
2025-09-16 18:15:07, EXEC, v:1, k:toalha, mode:LOCK, rate:0
2025-09-16 18:15:07, EXEC, v:1, k:toalha, mode:LOCK, rate:0
2025-09-16 18:15:08, EXEC, v:1, k:toalha, mode:LOCK, rate:0
2025-09-16 18:16:18, EXEC, v:1, k:toalha, mode:LOCK, rate:0, size:10
