2025-09-30 03:45:12, MOVE, v:1, k:animal, mode:PICK
2025-09-30 03:45:12, EXEC, v:1, k:animal, mode:FULL, rate:0, size:48
2025-09-30 03:49:46, EXEC, v:1, k:animal, mode:FULL, rate:50, size:49
2025-09-30 03:51:20, EXEC, v:1, k:animal, mode:FULL, rate:50, size:49
2025-09-30 03:52:06, EXEC, v:1, k:animal, mode:FULL, rate:50, size:49
2025-09-30 03:52:16, EXEC, v:1, k:animal, mode:FULL, rate:100, size:49
2025-09-30 04:01:41, EXEC, v:1, k:animal, mode:FULL, rate:100
2025-09-30 04:01:42, MOVE, v:1, k:animal, mode:BACK
2025-09-30 17:42:29, MOVE, v:1, k:enxugar, mode:PICK
2025-09-30 17:42:30, EXEC, v:1, k:enxugar, mode:FULL, rate:0
2025-09-30 17:44:30, EXEC, v:1, k:enxugar, mode:FULL, rate:0, size:62
2025-09-30 17:45:22, EXEC, v:1, k:enxugar, mode:FULL, rate:0, size:62
2025-09-30 17:45:48, EXEC, v:1, k:enxugar, mode:FULL, rate:0, size:62
2025-09-30 17:46:04, EXEC, v:1, k:enxugar, mode:FULL, rate:0, size:62
2025-09-30 17:49:58, EXEC, v:1, k:enxugar, mode:FULL, rate:0, size:62
2025-09-30 17:50:10, EXEC, v:1, k:enxugar, mode:FULL, rate:10, size:62
2025-09-30 17:51:31, EXEC, v:1, k:enxugar, mode:FULL, rate:20, size:62
2025-09-30 17:58:56, EXEC, v:1, k:enxugar, mode:FULL, rate:0, size:62
2025-09-30 17:59:28, EXEC, v:1, k:enxugar, mode:FULL, rate:50, size:62
2025-09-30 18:00:28, EXEC, v:1, k:enxugar, mode:FULL, rate:50, size:62
2025-09-30 18:03:28, EXEC, v:1, k:enxugar, mode:FULL, rate:20, size:62
2025-09-30 18:03:46, EXEC, v:1, k:enxugar, mode:FULL, rate:50, size:62
2025-09-30 18:05:04, EXEC, v:1, k:enxugar, mode:FULL, rate:50, size:59
2025-09-30 18:07:27, EXEC, v:1, k:enxugar, mode:FULL, rate:100, size:59
2025-09-30 18:09:57, MOVE, v:1, k:enxugar, mode:BACK
2025-09-30 18:10:02, MOVE, v:1, k:animal, mode:PICK
2025-09-30 18:10:02, EXEC, v:1, k:animal, mode:FULL, rate:100
2025-09-30 18:10:04, MOVE, v:1, k:animal, mode:BACK
